#
# A fatal error has been detected by the Java Runtime Environment:
#
#  SIGSEGV (0xb) at pc=0x000000018af79ca4, pid=6606, tid=59687
#
# JRE version: OpenJDK Runtime Environment Homebrew (21.0.9) (build 21.0.9)
# Java VM: OpenJDK 64-Bit Server VM Homebrew (21.0.9, mixed mode, sharing, tiered, compressed oops, compressed class ptrs, g1 gc, bsd-amd64)
# Problematic frame:
# C  [libllvmstubs.dylib+0x1967ca4]  llvm::BranchProbabilityInfo::calcPointerHeuristics(llvm::BasicBlock const*)+0xa4
#
# No core dump will be written. Core dumps have been disabled. To enable core dumping, try "ulimit -c unlimited" before starting Java again
#
# If you would like to submit a bug report, please visit:
#   https://github.com/Homebrew/homebrew-core/issues
# The crash happened outside the Java Virtual Machine in native code.
# See problematic frame for where to report the bug.
#

---------------  S U M M A R Y ------------

Command Line: --add-opens=java.base/java.lang=ALL-UNNAMED --add-opens=java.base/java.lang.invoke=ALL-UNNAMED --add-opens=java.base/java.util=ALL-UNNAMED --add-opens=java.prefs/java.util.prefs=ALL-UNNAMED --add-exports=jdk.compiler/com.sun.tools.javac.api=ALL-UNNAMED --add-exports=jdk.compiler/com.sun.tools.javac.util=ALL-UNNAMED --add-opens=java.base/java.util=ALL-UNNAMED --add-opens=java.prefs/java.util.prefs=ALL-UNNAMED --add-opens=java.base/java.nio.charset=ALL-UNNAMED --add-opens=java.base/java.net=ALL-UNNAMED --add-opens=java.base/java.util.concurrent.atomic=ALL-UNNAMED --add-opens=java.xml/javax.xml.namespace=ALL-UNNAMED -Xmx4096M -Dfile.encoding=UTF-8 -Duser.country=VN -Duser.language=en -Duser.variant -javaagent:/Users/tri/.gradle/wrapper/dists/gradle-8.14.3-bin/cv11ve7ro1n3o1j4so8xd9n66/gradle-8.14.3/lib/agents/gradle-instrumentation-agent-8.14.3.jar org.gradle.launcher.daemon.bootstrap.GradleDaemon 8.14.3

Host: "MacBookPro16,2" x86_64 2000 MHz, 8 cores, 16G, Darwin 25.0.0, macOS 26.0.1 (25A362)
Time: Mon Feb  2 21:28:01 2026 +07 elapsed time: 421.248326 seconds (0d 0h 7m 1s)

---------------  T H R E A D  ---------------

Current thread (0x00007fa27c04ca00):  JavaThread "Execution worker Thread 6" [_thread_in_native, id=59687, stack(0x0000700013fc9000,0x00007000140c9000) (1024K)]

Stack: [0x0000700013fc9000,0x00007000140c9000],  sp=0x00007000140c01f0,  free space=988k
Native frames: (J=compiled Java code, j=interpreted, Vv=VM code, C=native code)
C  [libllvmstubs.dylib+0x1967ca4]  llvm::BranchProbabilityInfo::calcPointerHeuristics(llvm::BasicBlock const*)+0xa4
C  [libllvmstubs.dylib+0x196c371]  llvm::BranchProbabilityInfo::calculate(llvm::Function const&, llvm::LoopInfo const&, llvm::TargetLibraryInfo const*, llvm::DominatorTree*, llvm::PostDominatorTree*)+0x471
C  [libllvmstubs.dylib+0x196ccf3]  llvm::BranchProbabilityAnalysis::run(llvm::Function&, llvm::AnalysisManager<llvm::Function>&)+0x133
C  [libllvmstubs.dylib+0xb79966]  llvm::detail::AnalysisPassModel<llvm::Function, llvm::BranchProbabilityAnalysis, llvm::PreservedAnalyses, llvm::AnalysisManager<llvm::Function>::Invalidator>::run(llvm::Function&, llvm::AnalysisManager<llvm::Function>&)+0x36
C  [libllvmstubs.dylib+0x201707b]  llvm::AnalysisManager<llvm::Function>::getResultImpl(llvm::AnalysisKey*, llvm::Function&)+0x28b
C  [libllvmstubs.dylib+0x195370a]  llvm::BlockFrequencyAnalysis::run(llvm::Function&, llvm::AnalysisManager<llvm::Function>&)+0x2a
C  [libllvmstubs.dylib+0xb797b2]  llvm::detail::AnalysisPassModel<llvm::Function, llvm::BlockFrequencyAnalysis, llvm::PreservedAnalyses, llvm::AnalysisManager<llvm::Function>::Invalidator>::run(llvm::Function&, llvm::AnalysisManager<llvm::Function>&)+0x22
C  [libllvmstubs.dylib+0x201707b]  llvm::AnalysisManager<llvm::Function>::getResultImpl(llvm::AnalysisKey*, llvm::Function&)+0x28b
C  [libllvmstubs.dylib+0x118486f]  llvm::InlinerPass::run(llvm::LazyCallGraph::SCC&, llvm::AnalysisManager<llvm::LazyCallGraph::SCC, llvm::LazyCallGraph&>&, llvm::LazyCallGraph&, llvm::CGSCCUpdateResult&)+0xc9f
C  [libllvmstubs.dylib+0xb932b2]  llvm::detail::PassModel<llvm::LazyCallGraph::SCC, llvm::InlinerPass, llvm::PreservedAnalyses, llvm::AnalysisManager<llvm::LazyCallGraph::SCC, llvm::LazyCallGraph&>, llvm::LazyCallGraph&, llvm::CGSCCUpdateResult&>::run(llvm::LazyCallGraph::SCC&, llvm::AnalysisManager<llvm::LazyCallGraph::SCC, llvm::LazyCallGraph&>&, llvm::LazyCallGraph&, llvm::CGSCCUpdateResult&)+0x12
C  [libllvmstubs.dylib+0x198caf3]  llvm::PassManager<llvm::LazyCallGraph::SCC, llvm::AnalysisManager<llvm::LazyCallGraph::SCC, llvm::LazyCallGraph&>, llvm::LazyCallGraph&, llvm::CGSCCUpdateResult&>::run(llvm::LazyCallGraph::SCC&, llvm::AnalysisManager<llvm::LazyCallGraph::SCC, llvm::LazyCallGraph&>&, llvm::LazyCallGraph&, llvm::CGSCCUpdateResult&)+0x163
C  [libllvmstubs.dylib+0xb81ed2]  llvm::detail::PassModel<llvm::LazyCallGraph::SCC, llvm::PassManager<llvm::LazyCallGraph::SCC, llvm::AnalysisManager<llvm::LazyCallGraph::SCC, llvm::LazyCallGraph&>, llvm::LazyCallGraph&, llvm::CGSCCUpdateResult&>, llvm::PreservedAnalyses, llvm::AnalysisManager<llvm::LazyCallGraph::SCC, llvm::LazyCallGraph&>, llvm::LazyCallGraph&, llvm::CGSCCUpdateResult&>::run(llvm::LazyCallGraph::SCC&, llvm::AnalysisManager<llvm::LazyCallGraph::SCC, llvm::LazyCallGraph&>&, llvm::LazyCallGraph&, llvm::CGSCCUpdateResult&)+0x12
C  [libllvmstubs.dylib+0x198db2b]  llvm::ModuleToPostOrderCGSCCPassAdaptor::run(llvm::Module&, llvm::AnalysisManager<llvm::Module>&)+0xa8b
C  [libllvmstubs.dylib+0xb820c2]  llvm::detail::PassModel<llvm::Module, llvm::ModuleToPostOrderCGSCCPassAdaptor, llvm::PreservedAnalyses, llvm::AnalysisManager<llvm::Module>>::run(llvm::Module&, llvm::AnalysisManager<llvm::Module>&)+0x12
C  [libllvmstubs.dylib+0x2013cfb]  llvm::PassManager<llvm::Module, llvm::AnalysisManager<llvm::Module>>::run(llvm::Module&, llvm::AnalysisManager<llvm::Module>&)+0xeb
C  [libllvmstubs.dylib+0x1186109]  llvm::ModuleInlinerWrapperPass::run(llvm::Module&, llvm::AnalysisManager<llvm::Module>&)+0x2e9
C  [libllvmstubs.dylib+0xb8a812]  llvm::detail::PassModel<llvm::Module, llvm::ModuleInlinerWrapperPass, llvm::PreservedAnalyses, llvm::AnalysisManager<llvm::Module>>::run(llvm::Module&, llvm::AnalysisManager<llvm::Module>&)+0x12
C  [libllvmstubs.dylib+0x2013cfb]  llvm::PassManager<llvm::Module, llvm::AnalysisManager<llvm::Module>>::run(llvm::Module&, llvm::AnalysisManager<llvm::Module>&)+0xeb
C  [libllvmstubs.dylib+0xbc62e0]